<?xml version="1.0" encoding="UTF-8"?>
<testng-results ignored="0" total="1" passed="1" failed="0" skipped="0">
  <reporter-output>
  </reporter-output>
  <suite started-at="2025-10-06T17:21:16 IST" name="Default suite" finished-at="2025-10-06T17:21:35 IST" duration-ms="19190">
    <groups>
    </groups>
    <test started-at="2025-10-06T17:21:16 IST" name="Default test" finished-at="2025-10-06T17:21:35 IST" duration-ms="19190">
      <class name="comm.test.MouseHovering">
        <test-method is-config="true" signature="Initilization()[pri:0, instance:comm.test.MouseHovering@7586beff]" started-at="2025-10-06T17:21:16 IST" name="Initilization" finished-at="2025-10-06T17:21:29 IST" duration-ms="13281" status="PASS">
          <reporter-output>
          </reporter-output>
        </test-method> <!-- Initilization -->
        <test-method signature="Hovering()[pri:0, instance:comm.test.MouseHovering@7586beff]" started-at="2025-10-06T17:21:29 IST" name="Hovering" finished-at="2025-10-06T17:21:35 IST" duration-ms="5207" status="PASS">
          <reporter-output>
          </reporter-output>
        </test-method> <!-- Hovering -->
        <test-method is-config="true" signature="CleanUp()[pri:0, instance:comm.test.MouseHovering@7586beff]" started-at="2025-10-06T17:21:35 IST" name="CleanUp" finished-at="2025-10-06T17:21:35 IST" duration-ms="620" status="PASS">
          <reporter-output>
          </reporter-output>
        </test-method> <!-- CleanUp -->
      </class> <!-- comm.test.MouseHovering -->
    </test> <!-- Default test -->
  </suite> <!-- Default suite -->
</testng-results>
